<?xml version="1.0" encoding="UTF-8"?>
<!-- Generated by org.testng.reporters.JUnitReportReporter -->
<testsuite hostname="DESKTOP-84DBICK" failures="0" tests="1" name="cuCumber.testNG_TestRunner" time="20.113" errors="0" timestamp="2024-02-13T14:44:03 IST" skipped="0">
  <testcase classname="cuCumber.testNG_TestRunner" name="runScenario" time="20.113"/>
</testsuite> <!-- cuCumber.testNG_TestRunner -->
