<?xml version="1.0" encoding="UTF-8"?>
<!-- Generated by org.testng.reporters.JUnitReportReporter -->
<testsuite hostname="DESKTOP-84DBICK" failures="0" tests="1" name="Framework.Tests.StandAloneTest" time="13.397" errors="0" timestamp="2024-02-01T18:01:23 IST" skipped="0">
  <testcase classname="Framework.Tests.StandAloneTest" name="submitOrder" time="13.397"/>
</testsuite> <!-- Framework.Tests.StandAloneTest -->
