<?xml version="1.0" encoding="UTF-8"?>
<!-- Generated by org.testng.reporters.JUnitReportReporter -->
<testsuite hostname="DESKTOP-84DBICK" failures="0" tests="2" name="Framework.Tests.submitordertest" time="26.379" errors="0" timestamp="2024-02-08T19:50:56 IST" skipped="0">
  <testcase classname="Framework.Tests.submitordertest" name="submitOrder" time="17.657"/>
  <testcase classname="Framework.Tests.submitordertest" name="submitOrder" time="8.722"/>
</testsuite> <!-- Framework.Tests.submitordertest -->
