<?xml version="1.0" encoding="UTF-8"?>
<!-- Generated by org.testng.reporters.JUnitReportReporter -->
<testsuite hostname="DESKTOP-84DBICK" failures="0" tests="1" name="cuCumber.testNG_TestRunner" time="18.900" errors="0" timestamp="2024-02-13T14:59:34 IST" skipped="0">
  <testcase classname="cuCumber.testNG_TestRunner" name="runScenario" time="18.900"/>
</testsuite> <!-- cuCumber.testNG_TestRunner -->
