<?xml version="1.0" encoding="UTF-8"?>
<!-- Generated by org.testng.reporters.JUnitReportReporter -->
<testsuite hostname="DESKTOP-84DBICK" failures="0" tests="1" name="Framework.Tests.ErrorValidation" time="14.558" errors="0" timestamp="2024-02-08T19:45:05 IST" skipped="0">
  <testcase classname="Framework.Tests.ErrorValidation" name="loginErrorValidation" time="14.558"/>
</testsuite> <!-- Framework.Tests.ErrorValidation -->
